2014/11/14 14:20:35 [error] [exception.CDbException] exception 'CDbException' with message 'CDbConnection failed to open the DB connection: SQLSTATE[HY000] [2002] No such file or directory' in /Library/WebServer/Documents/projetos/Pessoal/yii/framework/db/CDbConnection.php:399
Stack trace:
#0 /Library/WebServer/Documents/projetos/Pessoal/yii/framework/db/CDbConnection.php(347): CDbConnection->open()
#1 /Library/WebServer/Documents/projetos/Pessoal/yii/framework/db/CDbConnection.php(325): CDbConnection->setActive(true)
#2 /Library/WebServer/Documents/projetos/Pessoal/yii/framework/base/CModule.php(394): CDbConnection->init()
#3 /Library/WebServer/Documents/projetos/Pessoal/yii/framework/base/CModule.php(103): CModule->getComponent('db')
#4 /Library/WebServer/Documents/projetos/Pessoal/yii/framework/gii/generators/model/ModelCode.php(60): CModule->__get('db')
#5 /Library/WebServer/Documents/projetos/Pessoal/yii/framework/web/CFormModel.php(39): ModelCode->init()
#6 /Library/WebServer/Documents/projetos/Pessoal/yii/framework/gii/CCodeGenerator.php(153): CFormModel->__construct()
#7 /Library/WebServer/Documents/projetos/Pessoal/yii/framework/gii/CCodeGenerator.php(63): CCodeGenerator->prepare()
#8 /Library/WebServer/Documents/projetos/Pessoal/yii/framework/web/actions/CInlineAction.php(49): CCodeGenerator->actionIndex()
#9 /Library/WebServer/Documents/projetos/Pessoal/yii/framework/web/CController.php(308): CInlineAction->runWithParams(Array)
#10 /Library/WebServer/Documents/projetos/Pessoal/yii/framework/web/CController.php(286): CController->runAction(Object(CInlineAction))
#11 /Library/WebServer/Documents/projetos/Pessoal/yii/framework/web/CController.php(265): CController->runActionWithFilters(Object(CInlineAction), Array)
#12 /Library/WebServer/Documents/projetos/Pessoal/yii/framework/web/CWebApplication.php(282): CController->run('index')
#13 /Library/WebServer/Documents/projetos/Pessoal/yii/framework/web/CWebApplication.php(141): CWebApplication->runController('gii/model/index')
#14 /Library/WebServer/Documents/projetos/Pessoal/yii/framework/base/CApplication.php(184): CWebApplication->processRequest()
#15 /Library/WebServer/Documents/projetos/Pessoal/MbyECommerce/index.php(13): CApplication->run()
#16 {main}
REQUEST_URI=/projetos/Pessoal/MbyECommerce/index.php?r=gii/model/index
HTTP_REFERER=http://localhost/projetos/Pessoal/MbyECommerce/index.php?r=gii/model/index
---
2014/11/14 14:22:19 [error] [exception.CDbException] exception 'CDbException' with message 'CDbConnection failed to open the DB connection: SQLSTATE[HY000] [2002] No such file or directory' in /Library/WebServer/Documents/projetos/Pessoal/yii/framework/db/CDbConnection.php:399
Stack trace:
#0 /Library/WebServer/Documents/projetos/Pessoal/yii/framework/db/CDbConnection.php(347): CDbConnection->open()
#1 /Library/WebServer/Documents/projetos/Pessoal/yii/framework/db/CDbConnection.php(325): CDbConnection->setActive(true)
#2 /Library/WebServer/Documents/projetos/Pessoal/yii/framework/base/CModule.php(394): CDbConnection->init()
#3 /Library/WebServer/Documents/projetos/Pessoal/yii/framework/base/CModule.php(103): CModule->getComponent('db')
#4 /Library/WebServer/Documents/projetos/Pessoal/yii/framework/gii/generators/model/ModelCode.php(60): CModule->__get('db')
#5 /Library/WebServer/Documents/projetos/Pessoal/yii/framework/web/CFormModel.php(39): ModelCode->init()
#6 /Library/WebServer/Documents/projetos/Pessoal/yii/framework/gii/CCodeGenerator.php(153): CFormModel->__construct()
#7 /Library/WebServer/Documents/projetos/Pessoal/yii/framework/gii/CCodeGenerator.php(63): CCodeGenerator->prepare()
#8 /Library/WebServer/Documents/projetos/Pessoal/yii/framework/web/actions/CInlineAction.php(49): CCodeGenerator->actionIndex()
#9 /Library/WebServer/Documents/projetos/Pessoal/yii/framework/web/CController.php(308): CInlineAction->runWithParams(Array)
#10 /Library/WebServer/Documents/projetos/Pessoal/yii/framework/web/CController.php(286): CController->runAction(Object(CInlineAction))
#11 /Library/WebServer/Documents/projetos/Pessoal/yii/framework/web/CController.php(265): CController->runActionWithFilters(Object(CInlineAction), Array)
#12 /Library/WebServer/Documents/projetos/Pessoal/yii/framework/web/CWebApplication.php(282): CController->run('index')
#13 /Library/WebServer/Documents/projetos/Pessoal/yii/framework/web/CWebApplication.php(141): CWebApplication->runController('gii/model/index')
#14 /Library/WebServer/Documents/projetos/Pessoal/yii/framework/base/CApplication.php(184): CWebApplication->processRequest()
#15 /Library/WebServer/Documents/projetos/Pessoal/MbyECommerce/index.php(13): CApplication->run()
#16 {main}
REQUEST_URI=/projetos/Pessoal/MbyECommerce/index.php?r=gii/model/index
---
2014/11/14 14:24:46 [error] [exception.CDbException] exception 'CDbException' with message 'CDbConnection failed to open the DB connection: SQLSTATE[HY000] [2002] No such file or directory' in /Library/WebServer/Documents/projetos/Pessoal/yii/framework/db/CDbConnection.php:399
Stack trace:
#0 /Library/WebServer/Documents/projetos/Pessoal/yii/framework/db/CDbConnection.php(347): CDbConnection->open()
#1 /Library/WebServer/Documents/projetos/Pessoal/yii/framework/db/CDbConnection.php(325): CDbConnection->setActive(true)
#2 /Library/WebServer/Documents/projetos/Pessoal/yii/framework/base/CModule.php(394): CDbConnection->init()
#3 /Library/WebServer/Documents/projetos/Pessoal/yii/framework/base/CModule.php(103): CModule->getComponent('db')
#4 /Library/WebServer/Documents/projetos/Pessoal/yii/framework/gii/generators/model/ModelCode.php(60): CModule->__get('db')
#5 /Library/WebServer/Documents/projetos/Pessoal/yii/framework/web/CFormModel.php(39): ModelCode->init()
#6 /Library/WebServer/Documents/projetos/Pessoal/yii/framework/gii/CCodeGenerator.php(153): CFormModel->__construct()
#7 /Library/WebServer/Documents/projetos/Pessoal/yii/framework/gii/CCodeGenerator.php(63): CCodeGenerator->prepare()
#8 /Library/WebServer/Documents/projetos/Pessoal/yii/framework/web/actions/CInlineAction.php(49): CCodeGenerator->actionIndex()
#9 /Library/WebServer/Documents/projetos/Pessoal/yii/framework/web/CController.php(308): CInlineAction->runWithParams(Array)
#10 /Library/WebServer/Documents/projetos/Pessoal/yii/framework/web/CController.php(286): CController->runAction(Object(CInlineAction))
#11 /Library/WebServer/Documents/projetos/Pessoal/yii/framework/web/CController.php(265): CController->runActionWithFilters(Object(CInlineAction), Array)
#12 /Library/WebServer/Documents/projetos/Pessoal/yii/framework/web/CWebApplication.php(282): CController->run('index')
#13 /Library/WebServer/Documents/projetos/Pessoal/yii/framework/web/CWebApplication.php(141): CWebApplication->runController('gii/model/index')
#14 /Library/WebServer/Documents/projetos/Pessoal/yii/framework/base/CApplication.php(184): CWebApplication->processRequest()
#15 /Library/WebServer/Documents/projetos/Pessoal/MbyECommerce/index.php(13): CApplication->run()
#16 {main}
REQUEST_URI=/projetos/Pessoal/MbyECommerce/index.php?r=gii/model/index
---
